<?xml version="1.0" encoding="UTF-8"?>
<testng-results skipped="0" failed="0" ignored="0" total="2" passed="2">
  <reporter-output>
  </reporter-output>
  <suite name="Suite" duration-ms="79721" started-at="2020-12-21T14:47:22 IST" finished-at="2020-12-21T14:48:42 IST">
    <groups>
    </groups>
    <test name="Test" duration-ms="79721" started-at="2020-12-21T14:47:22 IST" finished-at="2020-12-21T14:48:42 IST">
      <class name="mobileTesting.AppiumFrameWork.EcommerceTest">
        <test-method status="PASS" signature="killAllNodes()[pri:0, instance:mobileTesting.AppiumFrameWork.EcommerceTest@bbd20a]" name="killAllNodes" is-config="true" duration-ms="3009" started-at="2020-12-21T14:47:22 IST" finished-at="2020-12-21T14:47:25 IST">
          <reporter-output>
          </reporter-output>
        </test-method> <!-- killAllNodes -->
        <test-method status="PASS" signature="totalValidation(java.lang.String)[pri:0, instance:mobileTesting.AppiumFrameWork.EcommerceTest@bbd20a]" name="totalValidation" duration-ms="37972" started-at="2020-12-21T14:47:25 IST" data-provider="InputData" finished-at="2020-12-21T14:48:03 IST">
          <params>
            <param index="0">
              <value>
                <![CDATA[Neha Singh]]>
              </value>
            </param>
          </params>
          <reporter-output>
          </reporter-output>
        </test-method> <!-- totalValidation -->
        <test-method status="PASS" signature="totalValidation(java.lang.String)[pri:0, instance:mobileTesting.AppiumFrameWork.EcommerceTest@bbd20a]" name="totalValidation" duration-ms="38709" started-at="2020-12-21T14:48:03 IST" data-provider="InputData" finished-at="2020-12-21T14:48:42 IST">
          <params>
            <param index="0">
              <value>
                <![CDATA[@#$%]]>
              </value>
            </param>
          </params>
          <reporter-output>
          </reporter-output>
        </test-method> <!-- totalValidation -->
      </class> <!-- mobileTesting.AppiumFrameWork.EcommerceTest -->
    </test> <!-- Test -->
  </suite> <!-- Suite -->
</testng-results>
