<?xml version="1.0" encoding="UTF-8"?>
<testng-results skipped="0" failed="0" ignored="0" total="2" passed="2">
  <reporter-output>
  </reporter-output>
  <suite name="Suite" duration-ms="76530" started-at="2020-12-21T14:19:43 IST" finished-at="2020-12-21T14:20:59 IST">
    <groups>
    </groups>
    <test name="Test" duration-ms="76530" started-at="2020-12-21T14:19:43 IST" finished-at="2020-12-21T14:20:59 IST">
      <class name="mobileTesting.AppiumFrameWork.EcommerceTest">
        <test-method status="PASS" signature="killAllNodes()[pri:0, instance:mobileTesting.AppiumFrameWork.EcommerceTest@e24743]" name="killAllNodes" is-config="true" duration-ms="3012" started-at="2020-12-21T14:19:43 IST" finished-at="2020-12-21T14:19:46 IST">
          <reporter-output>
          </reporter-output>
        </test-method> <!-- killAllNodes -->
        <test-method status="PASS" signature="totalValidation(java.lang.String)[pri:0, instance:mobileTesting.AppiumFrameWork.EcommerceTest@e24743]" name="totalValidation" duration-ms="36157" started-at="2020-12-21T14:19:46 IST" data-provider="InputData" finished-at="2020-12-21T14:20:22 IST">
          <params>
            <param index="0">
              <value>
                <![CDATA[Neha Singh]]>
              </value>
            </param>
          </params>
          <reporter-output>
          </reporter-output>
        </test-method> <!-- totalValidation -->
        <test-method status="PASS" signature="totalValidation(java.lang.String)[pri:0, instance:mobileTesting.AppiumFrameWork.EcommerceTest@e24743]" name="totalValidation" duration-ms="37332" started-at="2020-12-21T14:20:22 IST" data-provider="InputData" finished-at="2020-12-21T14:20:59 IST">
          <params>
            <param index="0">
              <value>
                <![CDATA[@#$%]]>
              </value>
            </param>
          </params>
          <reporter-output>
          </reporter-output>
        </test-method> <!-- totalValidation -->
      </class> <!-- mobileTesting.AppiumFrameWork.EcommerceTest -->
    </test> <!-- Test -->
  </suite> <!-- Suite -->
</testng-results>
